--------------------------- building ast ---------------------------
parse tree: 
(compUnit 
        (compUnitItem 
            (funcDef 
                (funcType 
                    (bType int)) main ( ) 
                (block { 
                    (blockItem 
                        (decl 
                            (varDecl 
                                (bType int) 
                                (varDef a [ 
                                    (exp 
                                        (addExp 
                                            (mulExp 
                                                (unaryExp 
                                                    (primaryExp 
                                                        (number 
                                                            (intConst 4))))))) ] [ 
                                    (exp 
                                        (addExp 
                                            (mulExp 
                                                (unaryExp 
                                                    (primaryExp 
                                                        (number 
                                                            (intConst 2))))))) ] = 
                                    (initVal { })) ;))) 
                    (blockItem 
                        (decl 
                            (varDecl 
                                (bType int) 
                                (varDef b [ 
                                    (exp 
                                        (addExp 
                                            (mulExp 
                                                (unaryExp 
                                                    (primaryExp 
                                                        (number 
                                                            (intConst 4))))))) ] [ 
                                    (exp 
                                        (addExp 
                                            (mulExp 
                                                (unaryExp 
                                                    (primaryExp 
                                                        (number 
                                                            (intConst 2))))))) ] = 
                                    (initVal { 
                                        (initVal 
                                            (exp 
                                                (addExp 
                                                    (mulExp 
                                                        (unaryExp 
                                                            (primaryExp 
                                                                (number 
                                                                    (intConst 1)))))))) , 
                                        (initVal 
                                            (exp 
                                                (addExp 
                                                    (mulExp 
                                                        (unaryExp 
                                                            (primaryExp 
                                                                (number 
                                                                    (intConst 2)))))))) , 
                                        (initVal 
                                            (exp 
                                                (addExp 
                                                    (mulExp 
                                                        (unaryExp 
                                                            (primaryExp 
                                                                (number 
                                                                    (intConst 3)))))))) , 
                                        (initVal 
                                            (exp 
                                                (addExp 
                                                    (mulExp 
                                                        (unaryExp 
                                                            (primaryExp 
                                                                (number 
                                                                    (intConst 4)))))))) , 
                                        (initVal 
                                            (exp 
                                                (addExp 
                                                    (mulExp 
                                                        (unaryExp 
                                                            (primaryExp 
                                                                (number 
                                                                    (intConst 5)))))))) , 
                                        (initVal 
                                            (exp 
                                                (addExp 
                                                    (mulExp 
                                                        (unaryExp 
                                                            (primaryExp 
                                                                (number 
                                                                    (intConst 6)))))))) , 
                                        (initVal 
                                            (exp 
                                                (addExp 
                                                    (mulExp 
                                                        (unaryExp 
                                                            (primaryExp 
                                                                (number 
                                                                    (intConst 7)))))))) , 
                                        (initVal 
                                            (exp 
                                                (addExp 
                                                    (mulExp 
                                                        (unaryExp 
                                                            (primaryExp 
                                                                (number 
                                                                    (intConst 8)))))))) })) ;))) 
                    (blockItem 
                        (decl 
                            (varDecl 
                                (bType int) 
                                (varDef c [ 
                                    (exp 
                                        (addExp 
                                            (mulExp 
                                                (unaryExp 
                                                    (primaryExp 
                                                        (number 
                                                            (intConst 4))))))) ] [ 
                                    (exp 
                                        (addExp 
                                            (mulExp 
                                                (unaryExp 
                                                    (primaryExp 
                                                        (number 
                                                            (intConst 2))))))) ] = 
                                    (initVal { 
                                        (initVal { 
                                            (initVal 
                                                (exp 
                                                    (addExp 
                                                        (mulExp 
                                                            (unaryExp 
                                                                (primaryExp 
                                                                    (number 
                                                                        (intConst 1)))))))) , 
                                            (initVal 
                                                (exp 
                                                    (addExp 
                                                        (mulExp 
                                                            (unaryExp 
                                                                (primaryExp 
                                                                    (number 
                                                                        (intConst 2)))))))) }) , 
                                        (initVal { 
                                            (initVal 
                                                (exp 
                                                    (addExp 
                                                        (mulExp 
                                                            (unaryExp 
                                                                (primaryExp 
                                                                    (number 
                                                                        (intConst 3)))))))) , 
                                            (initVal 
                                                (exp 
                                                    (addExp 
                                                        (mulExp 
                                                            (unaryExp 
                                                                (primaryExp 
                                                                    (number 
                                                                        (intConst 4)))))))) }) , 
                                        (initVal { 
                                            (initVal 
                                                (exp 
                                                    (addExp 
                                                        (mulExp 
                                                            (unaryExp 
                                                                (primaryExp 
                                                                    (number 
                                                                        (intConst 5)))))))) , 
                                            (initVal 
                                                (exp 
                                                    (addExp 
                                                        (mulExp 
                                                            (unaryExp 
                                                                (primaryExp 
                                                                    (number 
                                                                        (intConst 6)))))))) }) , 
                                        (initVal { 
                                            (initVal 
                                                (exp 
                                                    (addExp 
                                                        (mulExp 
                                                            (unaryExp 
                                                                (primaryExp 
                                                                    (number 
                                                                        (intConst 7)))))))) , 
                                            (initVal 
                                                (exp 
                                                    (addExp 
                                                        (mulExp 
                                                            (unaryExp 
                                                                (primaryExp 
                                                                    (number 
                                                                        (intConst 8)))))))) }) })) ;))) 
                    (blockItem 
                        (stmt return 
                            (exp 
                                (addExp 
                                    (mulExp 
                                        (unaryExp 
                                            (primaryExp 
                                                (number 
                                                    (intConst 0))))))) ;)) }))) <EOF>)
visitCompUnit
visitCompUnit end create new program
visitCompUnit end create new program end
--------------------------- building ir ---------------------------
visitProgram
visitFunction main
visitBlock 
visit decl array
visit decl array done
visit decl array
visitExpression
visitExpression
visitExpression
visitExpression
visitExpression
visitExpression
visitExpression
visitExpression
visitExpression
visitExpression
visitExpression
visitExpression
visitExpression
visitExpression
visitExpression
visitExpression
visit decl array done
visit decl array
visitExpression
visitExpression
